# Logfile created on Thu Oct 29 16:20:08 -0700 2009REQUESTING PAGE: GET / with {} and HTTP headers {}


Processing ApplicationController#index (for 127.0.0.1 at 2009-10-29 16:36:19) [GET]
REQUESTING PAGE: GET / with {} and HTTP headers {}


Processing StaticController#about (for 127.0.0.1 at 2009-10-29 21:36:09) [GET]
  Parameters: {"action"=>"about", "controller"=>"static"}


Processing ApplicationController#about (for 127.0.0.1 at 2009-10-29 21:36:09) [GET]
  Parameters: {"action"=>"about", "controller"=>"static"}
REQUESTING PAGE: GET / with {} and HTTP headers {}


Processing StaticController#about (for 127.0.0.1 at 2009-10-29 21:38:28) [GET]
  Parameters: {"action"=>"about", "controller"=>"static"}
Rendering template within layouts/application
Rendering static/about
Completed in 20ms (View: 18, DB: 0) | 200 OK [http://www.example.com/]
REQUESTING PAGE: GET / with {} and HTTP headers {}


Processing StaticController#about (for 127.0.0.1 at 2009-10-30 01:12:30) [GET]
  Parameters: {"action"=>"about", "controller"=>"static"}
Rendering template within layouts/application
Rendering static/about
Completed in 34ms (View: 31, DB: 0) | 200 OK [http://www.example.com/]
REQUESTING PAGE: GET / with {} and HTTP headers {}


Processing StaticController#about (for 127.0.0.1 at 2009-10-30 01:14:27) [GET]
  Parameters: {"action"=>"about", "controller"=>"static"}
Rendering template within layouts/application
Rendering static/about
Completed in 9ms (View: 7, DB: 0) | 200 OK [http://www.example.com/]
REQUESTING PAGE: GET / with {} and HTTP headers {}


Processing StaticController#about (for 127.0.0.1 at 2009-10-30 01:15:44) [GET]
  Parameters: {"action"=>"about", "controller"=>"static"}
Rendering template within layouts/application
Rendering static/about
Completed in 9ms (View: 7, DB: 0) | 200 OK [http://www.example.com/]
REQUESTING PAGE: GET / with {} and HTTP headers {}


Processing StaticController#about (for 127.0.0.1 at 2009-10-30 01:19:25) [GET]
  Parameters: {"action"=>"about", "controller"=>"static"}
Rendering template within layouts/application
Rendering static/about
Completed in 11ms (View: 8, DB: 0) | 200 OK [http://www.example.com/]
REQUESTING PAGE: GET / with {} and HTTP headers {}


Processing StaticController#about (for 127.0.0.1 at 2009-10-30 01:20:20) [GET]
  Parameters: {"action"=>"about", "controller"=>"static"}
Rendering template within layouts/application
Rendering static/about
Completed in 11ms (View: 9, DB: 0) | 200 OK [http://www.example.com/]
REQUESTING PAGE: GET / with {} and HTTP headers {}


Processing StaticController#about (for 127.0.0.1 at 2009-10-30 01:22:18) [GET]
  Parameters: {"action"=>"about", "controller"=>"static"}
Rendering template within layouts/application
Rendering static/about
Completed in 10ms (View: 8, DB: 0) | 200 OK [http://www.example.com/]
REQUESTING PAGE: GET / with {} and HTTP headers {}


Processing StaticController#about (for 127.0.0.1 at 2009-10-30 01:24:03) [GET]
  Parameters: {"action"=>"about", "controller"=>"static"}
Rendering template within layouts/application
Rendering static/about
Completed in 9ms (View: 7, DB: 0) | 200 OK [http://www.example.com/]
REQUESTING PAGE: GET / with {} and HTTP headers {}


Processing StaticController#about (for 127.0.0.1 at 2009-10-30 01:26:01) [GET]
  Parameters: {"action"=>"about", "controller"=>"static"}
Rendering template within layouts/application
Rendering static/about
Completed in 9ms (View: 6, DB: 0) | 200 OK [http://www.example.com/]
REQUESTING PAGE: GET / with {} and HTTP headers {}


Processing StaticController#about (for 127.0.0.1 at 2009-10-30 01:27:10) [GET]
  Parameters: {"action"=>"about", "controller"=>"static"}
Rendering template within layouts/application
Rendering static/about
Completed in 8ms (View: 6, DB: 0) | 200 OK [http://www.example.com/]
REQUESTING PAGE: GET / with {} and HTTP headers {}


Processing StaticController#about (for 127.0.0.1 at 2009-10-30 01:28:14) [GET]
  Parameters: {"action"=>"about", "controller"=>"static"}
Rendering template within layouts/application
Rendering static/about
Completed in 9ms (View: 6, DB: 0) | 200 OK [http://www.example.com/]
REQUESTING PAGE: GET / with {} and HTTP headers {}


Processing StaticController#about (for 127.0.0.1 at 2009-10-30 01:32:10) [GET]
  Parameters: {"action"=>"about", "controller"=>"static"}
Rendering template within layouts/application
Rendering static/about
Completed in 9ms (View: 7, DB: 0) | 200 OK [http://www.example.com/]
REQUESTING PAGE: GET / with {} and HTTP headers {}


Processing StaticController#about (for 127.0.0.1 at 2009-10-30 01:37:26) [GET]
  Parameters: {"action"=>"about", "controller"=>"static"}
Rendering template within layouts/application
Rendering static/about
Completed in 10ms (View: 6, DB: 0) | 200 OK [http://www.example.com/]
REQUESTING PAGE: GET / with {} and HTTP headers {}


Processing StaticController#about (for 127.0.0.1 at 2009-10-30 01:37:57) [GET]
  Parameters: {"action"=>"about", "controller"=>"static"}
Rendering template within layouts/application
Rendering static/about
Completed in 9ms (View: 6, DB: 0) | 200 OK [http://www.example.com/]
REQUESTING PAGE: GET / with {} and HTTP headers {}


Processing StaticController#about (for 127.0.0.1 at 2009-10-30 01:38:47) [GET]
  Parameters: {"action"=>"about", "controller"=>"static"}
Rendering template within layouts/application
Rendering static/about
Completed in 9ms (View: 7, DB: 0) | 200 OK [http://www.example.com/]
REQUESTING PAGE: GET / with {} and HTTP headers {}


Processing StaticController#about (for 127.0.0.1 at 2009-10-30 01:39:35) [GET]
  Parameters: {"action"=>"about", "controller"=>"static"}
Rendering template within layouts/application
Rendering static/about
Completed in 10ms (View: 7, DB: 0) | 200 OK [http://www.example.com/]
REQUESTING PAGE: GET / with {} and HTTP headers {}


Processing StaticController#about (for 127.0.0.1 at 2009-10-30 01:39:48) [GET]
  Parameters: {"action"=>"about", "controller"=>"static"}
Rendering template within layouts/application
Rendering static/about
Completed in 11ms (View: 8, DB: 0) | 200 OK [http://www.example.com/]
REQUESTING PAGE: GET / with {} and HTTP headers {}


Processing StaticController#about (for 127.0.0.1 at 2009-10-30 01:41:06) [GET]
  Parameters: {"action"=>"about", "controller"=>"static"}
Rendering template within layouts/application
Rendering static/about
Completed in 9ms (View: 6, DB: 0) | 200 OK [http://www.example.com/]
REQUESTING PAGE: GET / with {} and HTTP headers {}


Processing StaticController#about (for 127.0.0.1 at 2009-10-30 01:42:57) [GET]
  Parameters: {"action"=>"about", "controller"=>"static"}
Rendering template within layouts/application
Rendering static/about
Completed in 11ms (View: 7, DB: 0) | 200 OK [http://www.example.com/]
REQUESTING PAGE: GET / with {} and HTTP headers {}


Processing StaticController#about (for 127.0.0.1 at 2009-10-30 10:45:40) [GET]
  Parameters: {"action"=>"about", "controller"=>"static"}
Rendering template within layouts/application
Rendering static/about
Completed in 14ms (View: 11, DB: 0) | 200 OK [http://www.example.com/]
REQUESTING PAGE: GET / with {} and HTTP headers {}


Processing StaticController#about (for 127.0.0.1 at 2009-10-30 10:49:01) [GET]
  Parameters: {"action"=>"about", "controller"=>"static"}
Rendering template within layouts/application
Rendering static/about
Completed in 7ms (View: 5, DB: 0) | 200 OK [http://www.example.com/]
REQUESTING PAGE: GET / with {} and HTTP headers {}


Processing StaticController#about (for 127.0.0.1 at 2009-10-30 10:50:25) [GET]
  Parameters: {"action"=>"about", "controller"=>"static"}
Rendering template within layouts/application
Rendering static/about
Completed in 8ms (View: 5, DB: 0) | 200 OK [http://www.example.com/]
REQUESTING PAGE: GET / with {} and HTTP headers {}


Processing StaticController#about (for 127.0.0.1 at 2009-10-30 10:51:02) [GET]
  Parameters: {"action"=>"about", "controller"=>"static"}
Rendering template within layouts/application
Rendering static/about
Completed in 8ms (View: 6, DB: 0) | 200 OK [http://www.example.com/]
REQUESTING PAGE: GET / with {} and HTTP headers {}


Processing StaticController#about (for 127.0.0.1 at 2009-10-30 10:51:16) [GET]
  Parameters: {"action"=>"about", "controller"=>"static"}
Rendering template within layouts/application
Rendering static/about
Completed in 8ms (View: 5, DB: 0) | 200 OK [http://www.example.com/]
REQUESTING PAGE: GET / with {} and HTTP headers {}


Processing StaticController#about (for 127.0.0.1 at 2009-10-30 10:52:29) [GET]
  Parameters: {"action"=>"about", "controller"=>"static"}
Rendering template within layouts/application
Rendering static/about
Completed in 8ms (View: 6, DB: 0) | 200 OK [http://www.example.com/]
REQUESTING PAGE: GET / with {} and HTTP headers {}


Processing StaticController#about (for 127.0.0.1 at 2009-10-30 10:52:45) [GET]
  Parameters: {"action"=>"about", "controller"=>"static"}
Rendering template within layouts/application
Rendering static/about
Completed in 10ms (View: 7, DB: 0) | 200 OK [http://www.example.com/]
REQUESTING PAGE: GET / with {} and HTTP headers {}


Processing StaticController#about (for 127.0.0.1 at 2009-10-30 10:54:00) [GET]
  Parameters: {"action"=>"about", "controller"=>"static"}
Rendering template within layouts/application
Rendering static/about
Completed in 8ms (View: 6, DB: 0) | 200 OK [http://www.example.com/]
REQUESTING PAGE: GET /register with {} and HTTP headers {}


Processing UsersController#create (for 127.0.0.1 at 2009-10-30 17:09:02) [GET]
  Parameters: {"action"=>"create", "controller"=>"users"}
  [4;36;1mUser Load (0.2ms)[0m   [0;1mSELECT "users".id FROM "users" WHERE ("users"."persistence_token" = '3aee8f73aac955fa2ec8986c45ee13c11c06419210eea2f22f2d181b52308dad0b70b9b1af5baa84d7fbf6d358c58ae962a006581b72ceaecf978002e4ab7ccb') LIMIT 1[0m
  [4;35;1mUser Load (0.1ms)[0m   [0mSELECT "users".id FROM "users" WHERE ("users"."single_access_token" = 'V-z6jCo9MzhDdH43-wSB') LIMIT 1[0m
Rendering template within layouts/users
Rendering users/new
Rendered users/_form (12.3ms)
Completed in 148ms (View: 126, DB: 0) | 200 OK [http://www.example.com/register]
