# Logfile created on Wed Dec 16 21:31:27 -0800 2009

Processing StaticController#about (for 127.0.0.1 at 2009-12-16 21:33:31) [GET]
  Parameters: {"action"=>"about", "controller"=>"static"}
Rendering template within layouts/application
Rendering static/about
Completed in 75ms (View: 19, DB: 0) | 200 OK [http://localhost/]


Processing UsersController#new (for 127.0.0.1 at 2009-12-16 21:33:34) [GET]
  Parameters: {"action"=>"new", "controller"=>"users"}
Rendering template within layouts/application
Rendering users/new
Completed in 58ms (View: 29, DB: 1) | 200 OK [http://localhost/signup]


Processing UsersController#create (for 127.0.0.1 at 2009-12-16 21:33:39) [POST]
  Parameters: {"commit"=>"Register", "action"=>"create", "controller"=>"users", "user"=>{"email"=>"danbikle10@yahoo.com"}}
OpenIdAuthentication::Association Load (0.4ms)  SELECT * FROM "open_id_authentication_associations" WHERE ("open_id_authentication_associations"."server_url" = 'https://open.login.yahooapis.com/openid/op/auth') 
Generated checkid_setup request to https://open.login.yahooapis.com/openid/op/auth with assocication YsKkw.SaxYGksY2WoDbdsR7Xqnc3q1zk91glPADU3D4M9BHeHs.3sKA1mWWU_mDPvEC5kVo3VzHJckWIk21nxvPAVC5sHAzmCwa4g3Yb9KuJGZGc3PlqkgBZjZ664Rk-
Redirected to https://open.login.yahooapis.com/openid/op/auth?openid.assoc_handle=YsKkw.SaxYGksY2WoDbdsR7Xqnc3q1zk91glPADU3D4M9BHeHs.3sKA1mWWU_mDPvEC5kVo3VzHJckWIk21nxvPAVC5sHAzmCwa4g3Yb9KuJGZGc3PlqkgBZjZ664Rk-&openid.ax.mode=fetch_request&openid.claimed_id=http%3A%2F%2Fspecs.openid.net%2Fauth%2F2.0%2Fidentifier_select&openid.identity=http%3A%2F%2Fspecs.openid.net%2Fauth%2F2.0%2Fidentifier_select&openid.mode=checkid_setup&openid.ns=http%3A%2F%2Fspecs.openid.net%2Fauth%2F2.0&openid.ns.ax=http%3A%2F%2Fopenid.net%2Fsrv%2Fax%2F1.0&openid.ns.sreg=http%3A%2F%2Fopenid.net%2Fextensions%2Fsreg%2F1.1&openid.realm=http%3A%2F%2Flocalhost%3A3000%2F&openid.return_to=http%3A%2F%2Flocalhost%3A3000%2Faccount%3Ffor_model%3D1%26_method%3Dpost%26open_id_complete%3D1&openid.sreg.optional=fullname%2Cdob%2Cgender%2Cpostcode%2Ccountry%2Clanguage%2Ctimezone&openid.sreg.required=nickname%2Cemail
Completed in 308ms (DB: 1) | 302 Found [http://localhost/account]


Processing UsersController#create (for 127.0.0.1 at 2009-12-16 21:33:43) [POST]
  Parameters: {"openid.mode"=>"id_res", "openid.return_to"=>"http://localhost:3000/account?for_model=1&_method=post&open_id_complete=1", "openid.op_endpoint"=>"https://open.login.yahooapis.com/openid/op/auth", "openid.sig"=>"hrNFbe3HOUQxs7fwZtoBtZZW7A8=", "openid.response_nonce"=>"2009-12-17T05:33:43ZJauWm6hubEocv4r7N9hXjCbsVHOd_Kar.g--", "openid.ns"=>"http://specs.openid.net/auth/2.0", "action"=>"create", "_method"=>"post", "openid.identity"=>"https://me.yahoo.com/a/6VC46SI2y8ylO_y6nefcnLNGCFyZngs-", "openid.assoc_handle"=>"YsKkw.SaxYGksY2WoDbdsR7Xqnc3q1zk91glPADU3D4M9BHeHs.3sKA1mWWU_mDPvEC5kVo3VzHJckWIk21nxvPAVC5sHAzmCwa4g3Yb9KuJGZGc3PlqkgBZjZ664Rk-", "openid.signed"=>"assoc_handle,claimed_id,identity,mode,ns,op_endpoint,response_nonce,return_to,signed,pape.auth_level.nist", "controller"=>"users", "openid.realm"=>"http://localhost:3000/", "for_model"=>"1", "open_id_complete"=>"1", "openid.claimed_id"=>"https://me.yahoo.com/a/6VC46SI2y8ylO_y6nefcnLNGCFyZngs-#10487", "openid.pape.auth_level.nist"=>"0"}
WARNING: Can't mass-assign these protected attributes: state
Error attempting to use stored discovery information: OpenID::TypeURIMismatch
Attempting discovery to verify endpoint
Performing discovery on https://me.yahoo.com/a/6VC46SI2y8ylO_y6nefcnLNGCFyZngs-#10487
WARNING: making https request to https://me.yahoo.com/a/6VC46SI2y8ylO_y6nefcnLNGCFyZngs- without verifying server certificate; no CA path was specified.
WARNING: making https request to https://open.login.yahooapis.com/openid20/user_profile/xrds without verifying server certificate; no CA path was specified.
OpenIdAuthentication::Association Load (0.4ms)  SELECT * FROM "open_id_authentication_associations" WHERE ("open_id_authentication_associations"."server_url" = 'https://open.login.yahooapis.com/openid/op/auth' AND "open_id_authentication_associations"."handle" = 'YsKkw.SaxYGksY2WoDbdsR7Xqnc3q1zk91glPADU3D4M9BHeHs.3sKA1mWWU_mDPvEC5kVo3VzHJckWIk21nxvPAVC5sHAzmCwa4g3Yb9KuJGZGc3PlqkgBZjZ664Rk-') 
OpenIdAuthentication::Nonce Load (0.2ms)  SELECT * FROM "open_id_authentication_nonces" WHERE ("open_id_authentication_nonces"."server_url" = 'https://open.login.yahooapis.com/openid/op/auth' AND "open_id_authentication_nonces"."timestamp" = 1261028023 AND "open_id_authentication_nonces"."salt" = 'JauWm6hubEocv4r7N9hXjCbsVHOd_Kar.g--') LIMIT 1
OpenIdAuthentication::Nonce Create (0.5ms)  INSERT INTO "open_id_authentication_nonces" ("salt", "server_url", "timestamp") VALUES('JauWm6hubEocv4r7N9hXjCbsVHOd_Kar.g--', 'https://open.login.yahooapis.com/openid/op/auth', 1261028023)
User Load (0.3ms)  SELECT "users".id FROM "users" WHERE ("users"."openid_identifier" = 'https://me.yahoo.com/a/6VC46SI2y8ylO_y6nefcnLNGCFyZngs-') LIMIT 1
CACHE (0.0ms)  SELECT "users".id FROM "users" WHERE ("users"."openid_identifier" = 'https://me.yahoo.com/a/6VC46SI2y8ylO_y6nefcnLNGCFyZngs-') LIMIT 1
User Load (0.2ms)  SELECT "users".id FROM "users" WHERE (LOWER("users"."email") = 'danbikle10@yahoo.com') LIMIT 1
User Load (0.1ms)  SELECT "users".id FROM "users" WHERE (LOWER("users"."login") = 'danbikle10') LIMIT 1
User Load (0.2ms)  SELECT "users".id FROM "users" WHERE ("users"."persistence_token" = '5788e9e1224e2d544505bbcfd3b40671200bb333443caa3bf27f6447c7041c2fdc7b06411ed9ccb69e6d5186b2cc9e2f0938b0098d3b1328a44c07544222a801') LIMIT 1
User Load (0.1ms)  SELECT "users".id FROM "users" WHERE ("users"."single_access_token" = 'dVCxGsrGtxXfWQakVl7n') LIMIT 1
User Create (0.6ms)  INSERT INTO "users" ("single_access_token", "last_request_at", "created_at", "crypted_password", "perishable_token", "updated_at", "failed_login_count", "current_login_ip", "openid_identifier", "password_salt", "current_login_at", "persistence_token", "login_count", "last_login_ip", "login", "last_login_at", "email", "state") VALUES('dVCxGsrGtxXfWQakVl7n', NULL, '2009-12-17 05:33:44', NULL, 'YztoEg4pU2EQahTyYFGr', '2009-12-17 05:33:44', 0, NULL, 'https://me.yahoo.com/a/6VC46SI2y8ylO_y6nefcnLNGCFyZngs-', NULL, NULL, '5788e9e1224e2d544505bbcfd3b40671200bb333443caa3bf27f6447c7041c2fdc7b06411ed9ccb69e6d5186b2cc9e2f0938b0098d3b1328a44c07544222a801', 0, NULL, 'danbikle10', NULL, 'danbikle10@yahoo.com', 'passive')
SQL (0.6ms)   SELECT name
 FROM sqlite_master
 WHERE type = 'table' AND NOT name = 'sqlite_sequence'
Preference Load (0.1ms)  SELECT * FROM "preferences" WHERE ("preferences".user_id = 4) LIMIT 1
Preference Create (0.2ms)  INSERT INTO "preferences" ("created_at", "updated_at", "language", "user_id", "time_zone") VALUES('2009-12-17 05:33:44', '2009-12-17 05:33:44', NULL, 4, NULL)
Folder Load (0.1ms)  SELECT * FROM "folders" WHERE ("folders".user_id = NULL) 
Folder Create (0.2ms)  INSERT INTO "folders" ("name", "created_at", "updated_at", "user_id", "parent_id") VALUES('Inbox', '2009-12-17 05:33:44', '2009-12-17 05:33:44', 4, NULL)
Role Load (0.2ms)  SELECT * FROM "roles" LIMIT 1
CACHE (0.0ms)  SELECT * FROM "roles" LIMIT 1
CACHE (0.0ms)  SELECT * FROM "roles" LIMIT 1
SQL (0.2ms)  INSERT INTO "user_roles" ("role_id", "user_id") VALUES (1, 4)
User Update (0.6ms)  UPDATE "users" SET "updated_at" = '2009-12-17 05:33:44', "perishable_token" = 'qqQnl9bioJK26uYaL4pg' WHERE "id" = 4
Sent mail to danbikle10@yahoo.com

Date: Wed, 16 Dec 2009 21:33:44 -0800
From: User Notifier <noreply@pelesend.com>
To: danbikle10@yahoo.com
Subject: Activation Instructions
Mime-Version: 1.0
Content-Type: text/html; charset=utf-8

Thank you for creating an account! Click the url below to activate your account!

<a href="http://demo.pelesend.com/register/qqQnl9bioJK26uYaL4pg">activate your account!</a>

If the above URL does not work, try copying and pasting it into your browser.
If you continue to have problem, please feel free to contact us.
Redirected to http://localhost:3000/
Completed in 981ms (DB: 6) | 302 Found [http://localhost/account?for_model=1&_method=post&open_id_complete=1&openid.ns=http%3A%2F%2Fspecs.openid.net%2Fauth%2F2.0&openid.mode=id_res&openid.return_to=http%3A%2F%2Flocalhost%3A3000%2Faccount%3Ffor_model%3D1%26_method%3Dpost%26open_id_complete%3D1&openid.claimed_id=https%3A%2F%2Fme.yahoo.com%2Fa%2F6VC46SI2y8ylO_y6nefcnLNGCFyZngs-%2310487&openid.identity=https%3A%2F%2Fme.yahoo.com%2Fa%2F6VC46SI2y8ylO_y6nefcnLNGCFyZngs-&openid.assoc_handle=YsKkw.SaxYGksY2WoDbdsR7Xqnc3q1zk91glPADU3D4M9BHeHs.3sKA1mWWU_mDPvEC5kVo3VzHJckWIk21nxvPAVC5sHAzmCwa4g3Yb9KuJGZGc3PlqkgBZjZ664Rk-&openid.realm=http%3A%2F%2Flocalhost%3A3000%2F&openid.response_nonce=2009-12-17T05%3A33%3A43ZJauWm6hubEocv4r7N9hXjCbsVHOd_Kar.g--&openid.signed=assoc_handle%2Cclaimed_id%2Cidentity%2Cmode%2Cns%2Cop_endpoint%2Cresponse_nonce%2Creturn_to%2Csigned%2Cpape.auth_level.nist&openid.op_endpoint=https%3A%2F%2Fopen.login.yahooapis.com%2Fopenid%2Fop%2Fauth&openid.pape.auth_level.nist=0&openid.sig=hrNFbe3HOUQxs7fwZtoBtZZW7A8%3D]


Processing StaticController#about (for 127.0.0.1 at 2009-12-16 21:33:45) [GET]
  Parameters: {"action"=>"about", "controller"=>"static"}
Rendering template within layouts/application
Rendering static/about
Completed in 28ms (View: 2, DB: 1) | 200 OK [http://localhost/]


Processing StaticController#about (for 127.0.0.1 at 2009-12-16 21:44:11) [GET]
  Parameters: {"action"=>"about", "controller"=>"static"}
Rendering template within layouts/application
Rendering static/about
Completed in 77ms (View: 20, DB: 0) | 200 OK [http://localhost/]


Processing UsersController#new (for 127.0.0.1 at 2009-12-16 21:44:13) [GET]
  Parameters: {"action"=>"new", "controller"=>"users"}
Rendering template within layouts/application
Rendering users/new
Completed in 60ms (View: 29, DB: 1) | 200 OK [http://localhost/signup]


Processing UsersController#create (for 127.0.0.1 at 2009-12-16 21:44:17) [POST]
  Parameters: {"commit"=>"Register", "action"=>"create", "controller"=>"users", "user"=>{"email"=>"danbikle10@yahoo.com"}}
OpenIdAuthentication::Association Load (0.4ms)  SELECT * FROM "open_id_authentication_associations" WHERE ("open_id_authentication_associations"."server_url" = 'https://open.login.yahooapis.com/openid/op/auth') 
Generated checkid_setup request to https://open.login.yahooapis.com/openid/op/auth with assocication YsKkw.SaxYGksY2WoDbdsR7Xqnc3q1zk91glPADU3D4M9BHeHs.3sKA1mWWU_mDPvEC5kVo3VzHJckWIk21nxvPAVC5sHAzmCwa4g3Yb9KuJGZGc3PlqkgBZjZ664Rk-
Redirected to https://open.login.yahooapis.com/openid/op/auth?openid.assoc_handle=YsKkw.SaxYGksY2WoDbdsR7Xqnc3q1zk91glPADU3D4M9BHeHs.3sKA1mWWU_mDPvEC5kVo3VzHJckWIk21nxvPAVC5sHAzmCwa4g3Yb9KuJGZGc3PlqkgBZjZ664Rk-&openid.ax.mode=fetch_request&openid.claimed_id=http%3A%2F%2Fspecs.openid.net%2Fauth%2F2.0%2Fidentifier_select&openid.identity=http%3A%2F%2Fspecs.openid.net%2Fauth%2F2.0%2Fidentifier_select&openid.mode=checkid_setup&openid.ns=http%3A%2F%2Fspecs.openid.net%2Fauth%2F2.0&openid.ns.ax=http%3A%2F%2Fopenid.net%2Fsrv%2Fax%2F1.0&openid.ns.sreg=http%3A%2F%2Fopenid.net%2Fextensions%2Fsreg%2F1.1&openid.realm=http%3A%2F%2Flocalhost%3A3000%2F&openid.return_to=http%3A%2F%2Flocalhost%3A3000%2Faccount%3Ffor_model%3D1%26_method%3Dpost%26open_id_complete%3D1&openid.sreg.optional=fullname%2Cdob%2Cgender%2Cpostcode%2Ccountry%2Clanguage%2Ctimezone&openid.sreg.required=nickname%2Cemail
Completed in 225ms (DB: 3) | 302 Found [http://localhost/account]


Processing UsersController#create (for 127.0.0.1 at 2009-12-16 21:44:21) [POST]
  Parameters: {"openid.mode"=>"id_res", "openid.return_to"=>"http://localhost:3000/account?for_model=1&_method=post&open_id_complete=1", "openid.op_endpoint"=>"https://open.login.yahooapis.com/openid/op/auth", "openid.sig"=>"Pg+3JXtQYk8VVb+3Q0WFRSnjmMQ=", "openid.response_nonce"=>"2009-12-17T05:44:21Z3wk4a73hdnvMmR7BGBmESAzN.8BRuGp_EQ--", "openid.ns"=>"http://specs.openid.net/auth/2.0", "action"=>"create", "_method"=>"post", "openid.identity"=>"https://me.yahoo.com/a/6VC46SI2y8ylO_y6nefcnLNGCFyZngs-", "openid.assoc_handle"=>"YsKkw.SaxYGksY2WoDbdsR7Xqnc3q1zk91glPADU3D4M9BHeHs.3sKA1mWWU_mDPvEC5kVo3VzHJckWIk21nxvPAVC5sHAzmCwa4g3Yb9KuJGZGc3PlqkgBZjZ664Rk-", "openid.signed"=>"assoc_handle,claimed_id,identity,mode,ns,op_endpoint,response_nonce,return_to,signed,pape.auth_level.nist", "controller"=>"users", "openid.realm"=>"http://localhost:3000/", "for_model"=>"1", "open_id_complete"=>"1", "openid.claimed_id"=>"https://me.yahoo.com/a/6VC46SI2y8ylO_y6nefcnLNGCFyZngs-#10487", "openid.pape.auth_level.nist"=>"0"}
WARNING: Can't mass-assign these protected attributes: state
Error attempting to use stored discovery information: OpenID::TypeURIMismatch
Attempting discovery to verify endpoint
Performing discovery on https://me.yahoo.com/a/6VC46SI2y8ylO_y6nefcnLNGCFyZngs-#10487
WARNING: making https request to https://me.yahoo.com/a/6VC46SI2y8ylO_y6nefcnLNGCFyZngs- without verifying server certificate; no CA path was specified.
WARNING: making https request to https://open.login.yahooapis.com/openid20/user_profile/xrds without verifying server certificate; no CA path was specified.
OpenIdAuthentication::Association Load (0.4ms)  SELECT * FROM "open_id_authentication_associations" WHERE ("open_id_authentication_associations"."server_url" = 'https://open.login.yahooapis.com/openid/op/auth' AND "open_id_authentication_associations"."handle" = 'YsKkw.SaxYGksY2WoDbdsR7Xqnc3q1zk91glPADU3D4M9BHeHs.3sKA1mWWU_mDPvEC5kVo3VzHJckWIk21nxvPAVC5sHAzmCwa4g3Yb9KuJGZGc3PlqkgBZjZ664Rk-') 
OpenIdAuthentication::Nonce Load (0.2ms)  SELECT * FROM "open_id_authentication_nonces" WHERE ("open_id_authentication_nonces"."server_url" = 'https://open.login.yahooapis.com/openid/op/auth' AND "open_id_authentication_nonces"."timestamp" = 1261028661 AND "open_id_authentication_nonces"."salt" = '3wk4a73hdnvMmR7BGBmESAzN.8BRuGp_EQ--') LIMIT 1
OpenIdAuthentication::Nonce Create (0.4ms)  INSERT INTO "open_id_authentication_nonces" ("salt", "server_url", "timestamp") VALUES('3wk4a73hdnvMmR7BGBmESAzN.8BRuGp_EQ--', 'https://open.login.yahooapis.com/openid/op/auth', 1261028661)
User Load (0.2ms)  SELECT "users".id FROM "users" WHERE ("users"."openid_identifier" = 'https://me.yahoo.com/a/6VC46SI2y8ylO_y6nefcnLNGCFyZngs-') LIMIT 1
CACHE (0.0ms)  SELECT "users".id FROM "users" WHERE ("users"."openid_identifier" = 'https://me.yahoo.com/a/6VC46SI2y8ylO_y6nefcnLNGCFyZngs-') LIMIT 1
User Load (0.2ms)  SELECT "users".id FROM "users" WHERE (LOWER("users"."email") = 'danbikle10@yahoo.com') LIMIT 1
User Load (0.1ms)  SELECT "users".id FROM "users" WHERE (LOWER("users"."login") = 'danbikle10') LIMIT 1
User Load (0.2ms)  SELECT "users".id FROM "users" WHERE ("users"."persistence_token" = 'fb878f9dc309d409286f1cfc37850279f97a27d921d9f6fee7e1d8a54d783d3c777df2a49caeebb968385acbf97e29d018c66047b8871d82dad3444a0e633d1f') LIMIT 1
User Load (0.2ms)  SELECT "users".id FROM "users" WHERE ("users"."single_access_token" = '61q5p7hxrxAci9euM3TE') LIMIT 1
User Create (0.6ms)  INSERT INTO "users" ("single_access_token", "last_request_at", "created_at", "crypted_password", "perishable_token", "updated_at", "failed_login_count", "current_login_ip", "openid_identifier", "password_salt", "current_login_at", "persistence_token", "login_count", "last_login_ip", "login", "last_login_at", "email", "state") VALUES('61q5p7hxrxAci9euM3TE', NULL, '2009-12-17 05:44:21', NULL, '0cP7D5ghLFUNcqC5XmP_', '2009-12-17 05:44:21', 0, NULL, 'https://me.yahoo.com/a/6VC46SI2y8ylO_y6nefcnLNGCFyZngs-', NULL, NULL, 'fb878f9dc309d409286f1cfc37850279f97a27d921d9f6fee7e1d8a54d783d3c777df2a49caeebb968385acbf97e29d018c66047b8871d82dad3444a0e633d1f', 0, NULL, 'danbikle10', NULL, 'danbikle10@yahoo.com', 'passive')
SQL (0.5ms)   SELECT name
 FROM sqlite_master
 WHERE type = 'table' AND NOT name = 'sqlite_sequence'
Preference Load (0.1ms)  SELECT * FROM "preferences" WHERE ("preferences".user_id = 5) LIMIT 1
Preference Create (0.1ms)  INSERT INTO "preferences" ("created_at", "updated_at", "language", "user_id", "time_zone") VALUES('2009-12-17 05:44:21', '2009-12-17 05:44:21', NULL, 5, NULL)
Folder Load (0.2ms)  SELECT * FROM "folders" WHERE ("folders".user_id = NULL) 
Folder Create (0.1ms)  INSERT INTO "folders" ("name", "created_at", "updated_at", "user_id", "parent_id") VALUES('Inbox', '2009-12-17 05:44:21', '2009-12-17 05:44:21', 5, NULL)
Role Load (0.2ms)  SELECT * FROM "roles" LIMIT 1
CACHE (0.0ms)  SELECT * FROM "roles" LIMIT 1
CACHE (0.0ms)  SELECT * FROM "roles" LIMIT 1
SQL (0.3ms)  INSERT INTO "user_roles" ("role_id", "user_id") VALUES (1, 5)
User Update (0.6ms)  UPDATE "users" SET "updated_at" = '2009-12-17 05:44:21', "perishable_token" = 'ZL21TBJSm3M1FZpSen_1' WHERE "id" = 5
Sent mail to danbikle10@yahoo.com

Date: Wed, 16 Dec 2009 21:44:21 -0800
From: User Notifier <noreply@pelesend.com>
To: danbikle10@yahoo.com
Subject: Activation Instructions
Mime-Version: 1.0
Content-Type: text/html; charset=utf-8

Thank you for creating an account! Click the url below to activate your account!

<a href="http://demo.pelesend.com/register/ZL21TBJSm3M1FZpSen_1">activate your account!</a>

If the above URL does not work, try copying and pasting it into your browser.
If you continue to have problem, please feel free to contact us.
Redirected to http://localhost:3000/
Completed in 983ms (DB: 7) | 302 Found [http://localhost/account?for_model=1&_method=post&open_id_complete=1&openid.ns=http%3A%2F%2Fspecs.openid.net%2Fauth%2F2.0&openid.mode=id_res&openid.return_to=http%3A%2F%2Flocalhost%3A3000%2Faccount%3Ffor_model%3D1%26_method%3Dpost%26open_id_complete%3D1&openid.claimed_id=https%3A%2F%2Fme.yahoo.com%2Fa%2F6VC46SI2y8ylO_y6nefcnLNGCFyZngs-%2310487&openid.identity=https%3A%2F%2Fme.yahoo.com%2Fa%2F6VC46SI2y8ylO_y6nefcnLNGCFyZngs-&openid.assoc_handle=YsKkw.SaxYGksY2WoDbdsR7Xqnc3q1zk91glPADU3D4M9BHeHs.3sKA1mWWU_mDPvEC5kVo3VzHJckWIk21nxvPAVC5sHAzmCwa4g3Yb9KuJGZGc3PlqkgBZjZ664Rk-&openid.realm=http%3A%2F%2Flocalhost%3A3000%2F&openid.response_nonce=2009-12-17T05%3A44%3A21Z3wk4a73hdnvMmR7BGBmESAzN.8BRuGp_EQ--&openid.signed=assoc_handle%2Cclaimed_id%2Cidentity%2Cmode%2Cns%2Cop_endpoint%2Cresponse_nonce%2Creturn_to%2Csigned%2Cpape.auth_level.nist&openid.op_endpoint=https%3A%2F%2Fopen.login.yahooapis.com%2Fopenid%2Fop%2Fauth&openid.pape.auth_level.nist=0&openid.sig=Pg%2B3JXtQYk8VVb%2B3Q0WFRSnjmMQ%3D]


Processing StaticController#about (for 127.0.0.1 at 2009-12-16 21:44:22) [GET]
  Parameters: {"action"=>"about", "controller"=>"static"}
Rendering template within layouts/application
Rendering static/about
Completed in 31ms (View: 2, DB: 1) | 200 OK [http://localhost/]
