# Logfile created on Mon Nov 16 14:15:02 -0800 2009  [4;36;1mSQL (0.4ms)[0m   [0;1m SELECT name
 FROM sqlite_master
 WHERE type = 'table' AND NOT name = 'sqlite_sequence'
[0m
  [4;35;1mSQL (2.1ms)[0m   [0mDELETE FROM "folders";[0m
  [4;36;1mSQL (2.3ms)[0m   [0;1mDELETE FROM "message_copies";[0m
  [4;35;1mSQL (2.4ms)[0m   [0mDELETE FROM "messages";[0m
  [4;36;1mSQL (2.2ms)[0m   [0;1mDELETE FROM "users";[0m


Processing StaticController#about (for 127.0.0.1 at 2009-11-16 14:18:04) [GET]
  Parameters: {"action"=>"about", "controller"=>"static"}
Rendering template within layouts/application
Rendering static/about
Completed in 9ms (View: 6, DB: 0) | 200 OK [http://localhost/]


Processing UsersController#new (for 127.0.0.1 at 2009-11-16 14:18:04) [GET]
  Parameters: {"action"=>"new", "controller"=>"users"}
Rendering template within layouts/application
Rendering users/new
Rendered users/_form (3.5ms)
Completed in 66ms (View: 60, DB: 0) | 200 OK [http://localhost/register]


Processing UsersController#create (for 127.0.0.1 at 2009-11-16 14:18:05) [POST]
  Parameters: {"commit"=>"Register", "action"=>"create", "controller"=>"users", "user"=>{"password_confirmation"=>"[FILTERED]", "password"=>"[FILTERED]", "login"=>"bobsmith", "email"=>"bobsmith2009@hotmail.com"}}
  [4;36;1mUser Load (0.5ms)[0m   [0;1mSELECT "users".id FROM "users" WHERE (LOWER("users"."email") = 'bobsmith2009@hotmail.com') LIMIT 1[0m
  [4;35;1mUser Load (0.1ms)[0m   [0mSELECT "users".id FROM "users" WHERE (LOWER("users"."login") = 'bobsmith') LIMIT 1[0m
  [4;36;1mUser Load (0.1ms)[0m   [0;1mSELECT "users".id FROM "users" WHERE ("users"."persistence_token" = 'ec86c9a631e06b61baa5f20ab8a97e6de861b7d938341e646a053a8a59b9af2fa67782f2d7652a796401988978198b43b80254757c5606089dc81749222c9331') LIMIT 1[0m
  [4;35;1mUser Load (0.1ms)[0m   [0mSELECT "users".id FROM "users" WHERE ("users"."single_access_token" = 'u2WLSL1kXCLG7G322KjB') LIMIT 1[0m
  [4;36;1mUser Create (0.6ms)[0m   [0;1mINSERT INTO "users" ("single_access_token", "last_request_at", "boolean", "created_at", "crypted_password", "perishable_token", "updated_at", "failed_login_count", "current_login_ip", "password_salt", "current_login_at", "persistence_token", "login_count", "last_login_ip", "login", "last_login_at", "email", "active") VALUES('u2WLSL1kXCLG7G322KjB', NULL, 'f', '2009-11-16 22:18:05', 'b5f19e739409a59d19ad0b0c4b0a636c4ee0154ab72beb8a2add25b65a3e6f26c94030bb2d555bd628d0f190e269d1a96d07695dd904244dfad3728ec853882f', 'MB3PkDvZ-R_i_0MP8pV3', '2009-11-16 22:18:05', 0, NULL, '1dU50tOIMW6pbGJmEaHR', NULL, 'ec86c9a631e06b61baa5f20ab8a97e6de861b7d938341e646a053a8a59b9af2fa67782f2d7652a796401988978198b43b80254757c5606089dc81749222c9331', 0, NULL, 'bobsmith', NULL, 'bobsmith2009@hotmail.com', 'f')[0m
  [4;35;1mFolder Load (0.2ms)[0m   [0mSELECT * FROM "folders" WHERE ("folders".user_id = NULL) [0m
  [4;36;1mFolder Create (0.2ms)[0m   [0;1mINSERT INTO "folders" ("name", "created_at", "updated_at", "user_id", "parent_id") VALUES('Inbox', '2009-11-16 22:18:05', '2009-11-16 22:18:05', 1, NULL)[0m
  [4;35;1mUser Update (0.9ms)[0m   [0mUPDATE "users" SET "updated_at" = '2009-11-16 22:18:05', "perishable_token" = 'dfOUsiLtwxVzNCOtHa7n' WHERE "id" = 1[0m
Sent mail to bobsmith2009@hotmail.com

Date: Mon, 16 Nov 2009 14:18:05 -0800
From: Binary Logic Notifier <noreply@binarylogic.com>
To: bobsmith2009@hotmail.com
Subject: Activation Instructions
Mime-Version: 1.0
Content-Type: text/plain; charset=utf-8

<!-- app/views/notifier/activation_instructions.erb --> 
  Thank you for creating an account! Click the url below to activate your account!

  http://x.com/register/dfOUsiLtwxVzNCOtHa7n

  If the above URL does not work try copying and pasting it into your browser. If you continue to have problem, please feel free to contact us.
Redirected to http://localhost:3001/static/check_email
Completed in 360ms (DB: 3) | 302 Found [http://localhost/account]


Processing StaticController#check_email (for 127.0.0.1 at 2009-11-16 14:18:05) [GET]
  Parameters: {"action"=>"check_email", "controller"=>"static"}
Rendering template within layouts/application
Rendering static/check_email
Completed in 2ms (View: 2, DB: 0) | 200 OK [http://localhost/static/check_email]
  [4;35;1mSQL (5.1ms)[0m   [0m SELECT name
 FROM sqlite_master
 WHERE type = 'table' AND NOT name = 'sqlite_sequence'
[0m
  [4;36;1mSQL (20.7ms)[0m   [0;1mDELETE FROM "folders";[0m
  [4;35;1mSQL (2.2ms)[0m   [0mDELETE FROM "message_copies";[0m
  [4;36;1mSQL (2.3ms)[0m   [0;1mDELETE FROM "messages";[0m
  [4;35;1mSQL (2.1ms)[0m   [0mDELETE FROM "users";[0m
  [4;36;1mSQL (0.9ms)[0m   [0;1m SELECT name
 FROM sqlite_master
 WHERE type = 'table' AND NOT name = 'sqlite_sequence'
[0m
  [4;35;1mSQL (1.9ms)[0m   [0mDELETE FROM "folders";[0m
  [4;36;1mSQL (2.1ms)[0m   [0;1mDELETE FROM "message_copies";[0m
  [4;35;1mSQL (2.2ms)[0m   [0mDELETE FROM "messages";[0m
  [4;36;1mSQL (2.4ms)[0m   [0;1mDELETE FROM "users";[0m
  [4;36;1mSQL (0.4ms)[0m   [0;1m SELECT name
 FROM sqlite_master
 WHERE type = 'table' AND NOT name = 'sqlite_sequence'
[0m
  [4;35;1mSQL (3.3ms)[0m   [0mDELETE FROM "folders";[0m
  [4;36;1mSQL (2.0ms)[0m   [0;1mDELETE FROM "message_copies";[0m
  [4;35;1mSQL (2.1ms)[0m   [0mDELETE FROM "messages";[0m
  [4;36;1mSQL (7.0ms)[0m   [0;1mDELETE FROM "users";[0m


Processing StaticController#about (for 127.0.0.1 at 2009-11-16 14:18:51) [GET]
  Parameters: {"action"=>"about", "controller"=>"static"}
Rendering template within layouts/application
Rendering static/about
Completed in 1ms (View: 1, DB: 0) | 200 OK [http://localhost/]


Processing UsersController#new (for 127.0.0.1 at 2009-11-16 14:18:51) [GET]
  Parameters: {"action"=>"new", "controller"=>"users"}
Rendering template within layouts/application
Rendering users/new
Rendered users/_form (2.5ms)
Completed in 8ms (View: 5, DB: 0) | 200 OK [http://localhost/register]


Processing UsersController#create (for 127.0.0.1 at 2009-11-16 14:18:51) [POST]
  Parameters: {"commit"=>"Register", "action"=>"create", "controller"=>"users", "user"=>{"password_confirmation"=>"[FILTERED]", "password"=>"[FILTERED]", "login"=>"bobsmith", "email"=>"bobsmith2009@hotmail.com"}}
  [4;36;1mUser Load (0.3ms)[0m   [0;1mSELECT "users".id FROM "users" WHERE (LOWER("users"."email") = 'bobsmith2009@hotmail.com') LIMIT 1[0m
  [4;35;1mUser Load (0.2ms)[0m   [0mSELECT "users".id FROM "users" WHERE (LOWER("users"."login") = 'bobsmith') LIMIT 1[0m
  [4;36;1mUser Load (0.1ms)[0m   [0;1mSELECT "users".id FROM "users" WHERE ("users"."persistence_token" = '27970484b15572df13153044245faa7b232be449ba48866c0b8df37a8c45ed1f6239ae60f64e5ede23c3208adf0656205ccda681eef4f5ba63ca91a9a6363654') LIMIT 1[0m
  [4;35;1mUser Load (0.1ms)[0m   [0mSELECT "users".id FROM "users" WHERE ("users"."single_access_token" = 'RH4-CIK7ZUR_DT7ptTjl') LIMIT 1[0m
  [4;36;1mUser Create (0.8ms)[0m   [0;1mINSERT INTO "users" ("single_access_token", "last_request_at", "boolean", "created_at", "crypted_password", "perishable_token", "updated_at", "failed_login_count", "current_login_ip", "password_salt", "current_login_at", "persistence_token", "login_count", "last_login_ip", "login", "last_login_at", "email", "active") VALUES('RH4-CIK7ZUR_DT7ptTjl', NULL, 'f', '2009-11-16 22:18:51', 'a4dc3dc7211a720cd1b1e80626b8d7498dd7f89459a48269b7e0fb9be319f20a16697d832cdf9659948f6785231c42a4a1132cf3cca5268304e332e9e5be9119', 'HM81RsvkeAsgU1JhVS_l', '2009-11-16 22:18:51', 0, NULL, 'BbzchwKkgUQWNktGiDGI', NULL, '27970484b15572df13153044245faa7b232be449ba48866c0b8df37a8c45ed1f6239ae60f64e5ede23c3208adf0656205ccda681eef4f5ba63ca91a9a6363654', 0, NULL, 'bobsmith', NULL, 'bobsmith2009@hotmail.com', 'f')[0m
  [4;35;1mFolder Load (0.1ms)[0m   [0mSELECT * FROM "folders" WHERE ("folders".user_id = NULL) [0m
  [4;36;1mFolder Create (0.1ms)[0m   [0;1mINSERT INTO "folders" ("name", "created_at", "updated_at", "user_id", "parent_id") VALUES('Inbox', '2009-11-16 22:18:51', '2009-11-16 22:18:51', 2, NULL)[0m
  [4;35;1mUser Update (0.6ms)[0m   [0mUPDATE "users" SET "updated_at" = '2009-11-16 22:18:51', "perishable_token" = 'QLGLUF08V9NHS5K3_L2f' WHERE "id" = 2[0m
Sent mail to bobsmith2009@hotmail.com

Date: Mon, 16 Nov 2009 14:18:51 -0800
From: Binary Logic Notifier <noreply@binarylogic.com>
To: bobsmith2009@hotmail.com
Subject: Activation Instructions
Mime-Version: 1.0
Content-Type: text/plain; charset=utf-8

<!-- app/views/notifier/activation_instructions.erb --> 
  Thank you for creating an account! Click the url below to activate your account!

  http://x.com/register/QLGLUF08V9NHS5K3_L2f

  If the above URL does not work try copying and pasting it into your browser. If you continue to have problem, please feel free to contact us.
Redirected to http://localhost:3001/static/check_email
Completed in 30ms (DB: 2) | 302 Found [http://localhost/account]


Processing StaticController#check_email (for 127.0.0.1 at 2009-11-16 14:18:51) [GET]
  Parameters: {"action"=>"check_email", "controller"=>"static"}
Rendering template within layouts/application
Rendering static/check_email
Completed in 4ms (View: 3, DB: 0) | 200 OK [http://localhost/static/check_email]
  [4;35;1mSQL (0.5ms)[0m   [0m SELECT name
 FROM sqlite_master
 WHERE type = 'table' AND NOT name = 'sqlite_sequence'
[0m
  [4;36;1mSQL (2.5ms)[0m   [0;1mDELETE FROM "folders";[0m
  [4;35;1mSQL (2.5ms)[0m   [0mDELETE FROM "message_copies";[0m
  [4;36;1mSQL (2.4ms)[0m   [0;1mDELETE FROM "messages";[0m
  [4;35;1mSQL (2.5ms)[0m   [0mDELETE FROM "users";[0m
  [4;36;1mSQL (0.9ms)[0m   [0;1m SELECT name
 FROM sqlite_master
 WHERE type = 'table' AND NOT name = 'sqlite_sequence'
[0m
  [4;35;1mSQL (2.3ms)[0m   [0mDELETE FROM "folders";[0m
  [4;36;1mSQL (2.6ms)[0m   [0;1mDELETE FROM "message_copies";[0m
  [4;35;1mSQL (2.5ms)[0m   [0mDELETE FROM "messages";[0m
  [4;36;1mSQL (2.8ms)[0m   [0;1mDELETE FROM "users";[0m
  [4;36;1mSQL (0.4ms)[0m   [0;1m SELECT name
 FROM sqlite_master
 WHERE type = 'table' AND NOT name = 'sqlite_sequence'
[0m
  [4;35;1mSQL (3.3ms)[0m   [0mDELETE FROM "folders";[0m
  [4;36;1mSQL (1.9ms)[0m   [0;1mDELETE FROM "message_copies";[0m
  [4;35;1mSQL (2.3ms)[0m   [0mDELETE FROM "messages";[0m
  [4;36;1mSQL (2.9ms)[0m   [0;1mDELETE FROM "users";[0m


Processing StaticController#about (for 127.0.0.1 at 2009-11-16 14:21:31) [GET]
  Parameters: {"action"=>"about", "controller"=>"static"}
Rendering template within layouts/application
Rendering static/about
Completed in 82ms (View: 82, DB: 0) | 200 OK [http://localhost/]


Processing UsersController#new (for 127.0.0.1 at 2009-11-16 14:21:32) [GET]
  Parameters: {"action"=>"new", "controller"=>"users"}
Rendering template within layouts/application
Rendering users/new
Rendered users/_form (6.2ms)
Completed in 12ms (View: 10, DB: 0) | 200 OK [http://localhost/register]


Processing UsersController#create (for 127.0.0.1 at 2009-11-16 14:21:32) [POST]
  Parameters: {"commit"=>"Register", "action"=>"create", "controller"=>"users", "user"=>{"password_confirmation"=>"[FILTERED]", "password"=>"[FILTERED]", "login"=>"bobsmith", "email"=>"bobsmith2009@hotmail.com"}}
  [4;36;1mUser Load (0.3ms)[0m   [0;1mSELECT "users".id FROM "users" WHERE (LOWER("users"."email") = 'bobsmith2009@hotmail.com') LIMIT 1[0m
  [4;35;1mUser Load (0.1ms)[0m   [0mSELECT "users".id FROM "users" WHERE (LOWER("users"."login") = 'bobsmith') LIMIT 1[0m
  [4;36;1mUser Load (0.1ms)[0m   [0;1mSELECT "users".id FROM "users" WHERE ("users"."persistence_token" = '780c2987f58327d64d1af0c481e4a955c9b9c6b3a153092b170069a452b696edf6c9c8d265543170727b3a14aa258a32ee7bd1e0d3dabdf611b1a76e28e22092') LIMIT 1[0m
  [4;35;1mUser Load (0.1ms)[0m   [0mSELECT "users".id FROM "users" WHERE ("users"."single_access_token" = 'ahQnJPhcWoOs1O61qAW6') LIMIT 1[0m
  [4;36;1mUser Create (0.5ms)[0m   [0;1mINSERT INTO "users" ("single_access_token", "last_request_at", "boolean", "created_at", "crypted_password", "perishable_token", "updated_at", "failed_login_count", "current_login_ip", "password_salt", "current_login_at", "persistence_token", "login_count", "last_login_ip", "login", "last_login_at", "email", "active") VALUES('ahQnJPhcWoOs1O61qAW6', NULL, 'f', '2009-11-16 22:21:32', '83e248312b9bd5165de0936a83415789c94595b30b74d26984f3aa325a4da8fb1dc22383b9fcde6c5e4633587f77ffeebd4c5092d4599d96df841b96159834fa', '1_emhban8FxAUjK7GXHm', '2009-11-16 22:21:32', 0, NULL, 'wpMvbNHwunbhN7gBG5kb', NULL, '780c2987f58327d64d1af0c481e4a955c9b9c6b3a153092b170069a452b696edf6c9c8d265543170727b3a14aa258a32ee7bd1e0d3dabdf611b1a76e28e22092', 0, NULL, 'bobsmith', NULL, 'bobsmith2009@hotmail.com', 'f')[0m
  [4;35;1mFolder Load (0.1ms)[0m   [0mSELECT * FROM "folders" WHERE ("folders".user_id = NULL) [0m
  [4;36;1mFolder Create (0.2ms)[0m   [0;1mINSERT INTO "folders" ("name", "created_at", "updated_at", "user_id", "parent_id") VALUES('Inbox', '2009-11-16 22:21:32', '2009-11-16 22:21:32', 3, NULL)[0m
  [4;35;1mUser Update (1.0ms)[0m   [0mUPDATE "users" SET "updated_at" = '2009-11-16 22:21:32', "perishable_token" = 'dumqi3yzrDTTxy_07_ow' WHERE "id" = 3[0m
Sent mail to bobsmith2009@hotmail.com

Date: Mon, 16 Nov 2009 14:21:32 -0800
From: Binary Logic Notifier <noreply@binarylogic.com>
To: bobsmith2009@hotmail.com
Subject: Activation Instructions
Mime-Version: 1.0
Content-Type: text/plain; charset=utf-8

<!-- app/views/notifier/activation_instructions.erb --> 
  Thank you for creating an account! Click the url below to activate your account!

  http://x.com/register/dumqi3yzrDTTxy_07_ow

  If the above URL does not work try copying and pasting it into your browser. If you continue to have problem, please feel free to contact us.
Redirected to http://localhost:3001/static/check_email
Completed in 28ms (DB: 2) | 302 Found [http://localhost/account]


Processing StaticController#check_email (for 127.0.0.1 at 2009-11-16 14:21:32) [GET]
  Parameters: {"action"=>"check_email", "controller"=>"static"}
Rendering template within layouts/application
Rendering static/check_email
Completed in 2ms (View: 1, DB: 0) | 200 OK [http://localhost/static/check_email]
  [4;35;1mUser Load (1.5ms)[0m   [0mSELECT * FROM "users" WHERE ("users"."login" = 'bobsmith') LIMIT 1[0m
  [4;36;1mUser Update (0.6ms)[0m   [0;1mUPDATE "users" SET "updated_at" = '2009-11-16 22:21:32', "perishable_token" = 'SIhsEzpTD5yIAI9gSjk8', "active" = 't' WHERE "id" = 3[0m


Processing StaticController#about (for 127.0.0.1 at 2009-11-16 14:21:32) [GET]
  Parameters: {"action"=>"about", "controller"=>"static"}
Rendering template within layouts/application
Rendering static/about
Completed in 2ms (View: 1, DB: 0) | 200 OK [http://localhost/]


Processing UserSessionsController#new (for 127.0.0.1 at 2009-11-16 14:21:32) [GET]
  Parameters: {"action"=>"new", "controller"=>"user_sessions"}
Rendering template within layouts/application
Rendering user_sessions/new
Completed in 13ms (View: 8, DB: 0) | 200 OK [http://localhost/login]


Processing UserSessionsController#create (for 127.0.0.1 at 2009-11-16 14:21:32) [POST]
  Parameters: {"commit"=>"Login", "user_session"=>{"remember_me"=>"0", "password"=>"[FILTERED]", "login"=>"bobsmith"}, "action"=>"create", "controller"=>"user_sessions"}
  [4;36;1mUser Load (0.7ms)[0m   [0;1mSELECT * FROM "users" WHERE (LOWER("users".login) = 'bobsmith') LIMIT 1[0m
  [4;35;1mUser Update (0.8ms)[0m   [0mUPDATE "users" SET "login_count" = 1, "current_login_ip" = '127.0.0.1', "updated_at" = '2009-11-16 22:21:32', "perishable_token" = '4xok1x5Wn3n8OMgep9n2', "last_request_at" = '2009-11-16 22:21:32', "current_login_at" = '2009-11-16 22:21:32' WHERE "id" = 3[0m
Redirected to http://localhost:3001/
Completed in 61ms (DB: 2) | 302 Found [http://localhost/user_session]


Processing StaticController#about (for 127.0.0.1 at 2009-11-16 14:21:32) [GET]
  Parameters: {"action"=>"about", "controller"=>"static"}
Rendering template within layouts/application
Rendering static/about
Completed in 2ms (View: 1, DB: 0) | 200 OK [http://localhost/]
  [4;35;1mSQL (0.5ms)[0m   [0m SELECT name
 FROM sqlite_master
 WHERE type = 'table' AND NOT name = 'sqlite_sequence'
[0m
  [4;36;1mSQL (2.0ms)[0m   [0;1mDELETE FROM "folders";[0m
  [4;35;1mSQL (2.2ms)[0m   [0mDELETE FROM "message_copies";[0m
  [4;36;1mSQL (2.1ms)[0m   [0;1mDELETE FROM "messages";[0m
  [4;35;1mSQL (1.6ms)[0m   [0mDELETE FROM "users";[0m
  [4;36;1mSQL (0.3ms)[0m   [0;1m SELECT name
 FROM sqlite_master
 WHERE type = 'table' AND NOT name = 'sqlite_sequence'
[0m
  [4;35;1mSQL (1.8ms)[0m   [0mDELETE FROM "folders";[0m
  [4;36;1mSQL (2.2ms)[0m   [0;1mDELETE FROM "message_copies";[0m
  [4;35;1mSQL (2.2ms)[0m   [0mDELETE FROM "messages";[0m
  [4;36;1mSQL (2.1ms)[0m   [0;1mDELETE FROM "users";[0m
  [4;36;1mSQL (0.4ms)[0m   [0;1m SELECT name
 FROM sqlite_master
 WHERE type = 'table' AND NOT name = 'sqlite_sequence'
[0m
  [4;35;1mSQL (3.2ms)[0m   [0mDELETE FROM "folders";[0m
  [4;36;1mSQL (2.1ms)[0m   [0;1mDELETE FROM "message_copies";[0m
  [4;35;1mSQL (2.1ms)[0m   [0mDELETE FROM "messages";[0m
  [4;36;1mSQL (1.7ms)[0m   [0;1mDELETE FROM "users";[0m


Processing StaticController#about (for 127.0.0.1 at 2009-11-16 14:22:34) [GET]
  Parameters: {"action"=>"about", "controller"=>"static"}
Rendering template within layouts/application
Rendering static/about
Completed in 2ms (View: 1, DB: 0) | 200 OK [http://localhost/]


Processing UsersController#new (for 127.0.0.1 at 2009-11-16 14:22:34) [GET]
  Parameters: {"action"=>"new", "controller"=>"users"}
Rendering template within layouts/application
Rendering users/new
Rendered users/_form (2.3ms)
Completed in 8ms (View: 6, DB: 0) | 200 OK [http://localhost/register]


Processing UsersController#create (for 127.0.0.1 at 2009-11-16 14:22:35) [POST]
  Parameters: {"commit"=>"Register", "action"=>"create", "controller"=>"users", "user"=>{"password_confirmation"=>"[FILTERED]", "password"=>"[FILTERED]", "login"=>"bobsmith", "email"=>"bobsmith2009@hotmail.com"}}
  [4;36;1mUser Load (0.3ms)[0m   [0;1mSELECT "users".id FROM "users" WHERE (LOWER("users"."email") = 'bobsmith2009@hotmail.com') LIMIT 1[0m
  [4;35;1mUser Load (0.1ms)[0m   [0mSELECT "users".id FROM "users" WHERE (LOWER("users"."login") = 'bobsmith') LIMIT 1[0m
  [4;36;1mUser Load (0.1ms)[0m   [0;1mSELECT "users".id FROM "users" WHERE ("users"."persistence_token" = '6f48b01a1beaf026ab12fea7ce7c016d6fd9a7891c498c005c068a3c5f5d7809ff13b787421efe2aef67ad63ffc08d0bc9bdb7d6c51fbbdd4259f242b9387509') LIMIT 1[0m
  [4;35;1mUser Load (0.2ms)[0m   [0mSELECT "users".id FROM "users" WHERE ("users"."single_access_token" = 'ijabCqeKG9EVpXvhHn_T') LIMIT 1[0m
  [4;36;1mUser Create (0.4ms)[0m   [0;1mINSERT INTO "users" ("single_access_token", "last_request_at", "boolean", "created_at", "crypted_password", "perishable_token", "updated_at", "failed_login_count", "current_login_ip", "password_salt", "current_login_at", "persistence_token", "login_count", "last_login_ip", "login", "last_login_at", "email", "active") VALUES('ijabCqeKG9EVpXvhHn_T', NULL, 'f', '2009-11-16 22:22:35', '31af0aae165a592c2223a742728cd8b2a84ba56bcd98071c18a225a15d191ce94de73401d8629e1b6c4ff14afdcfb66c557e0b1e497d04698bf2656718f53221', 'APvPyvSwB_1rx4Tw4mc8', '2009-11-16 22:22:35', 0, NULL, 'eczH-0KkXbQPD_Sv17-o', NULL, '6f48b01a1beaf026ab12fea7ce7c016d6fd9a7891c498c005c068a3c5f5d7809ff13b787421efe2aef67ad63ffc08d0bc9bdb7d6c51fbbdd4259f242b9387509', 0, NULL, 'bobsmith', NULL, 'bobsmith2009@hotmail.com', 'f')[0m
  [4;35;1mFolder Load (0.1ms)[0m   [0mSELECT * FROM "folders" WHERE ("folders".user_id = NULL) [0m
  [4;36;1mFolder Create (0.1ms)[0m   [0;1mINSERT INTO "folders" ("name", "created_at", "updated_at", "user_id", "parent_id") VALUES('Inbox', '2009-11-16 22:22:35', '2009-11-16 22:22:35', 4, NULL)[0m
  [4;35;1mUser Update (0.6ms)[0m   [0mUPDATE "users" SET "updated_at" = '2009-11-16 22:22:35', "perishable_token" = '0xFesMCCr9pIwfrnPa87' WHERE "id" = 4[0m
Sent mail to bobsmith2009@hotmail.com

Date: Mon, 16 Nov 2009 14:22:35 -0800
From: Binary Logic Notifier <noreply@binarylogic.com>
To: bobsmith2009@hotmail.com
Subject: Activation Instructions
Mime-Version: 1.0
Content-Type: text/plain; charset=utf-8

<!-- app/views/notifier/activation_instructions.erb --> 
  Thank you for creating an account! Click the url below to activate your account!

  http://x.com/register/0xFesMCCr9pIwfrnPa87

  If the above URL does not work try copying and pasting it into your browser. If you continue to have problem, please feel free to contact us.
Redirected to http://localhost:3001/static/check_email
Completed in 27ms (DB: 2) | 302 Found [http://localhost/account]


Processing StaticController#check_email (for 127.0.0.1 at 2009-11-16 14:22:35) [GET]
  Parameters: {"action"=>"check_email", "controller"=>"static"}
Rendering template within layouts/application
Rendering static/check_email
Completed in 2ms (View: 1, DB: 0) | 200 OK [http://localhost/static/check_email]
  [4;35;1mUser Load (0.7ms)[0m   [0mSELECT * FROM "users" WHERE ("users"."login" = 'bobsmith') LIMIT 1[0m
  [4;36;1mUser Update (0.6ms)[0m   [0;1mUPDATE "users" SET "updated_at" = '2009-11-16 22:22:35', "perishable_token" = 'J2NdfEjpkozxOEsVbtEU', "active" = 't' WHERE "id" = 4[0m


Processing StaticController#about (for 127.0.0.1 at 2009-11-16 14:22:35) [GET]
  Parameters: {"action"=>"about", "controller"=>"static"}
Rendering template within layouts/application
Rendering static/about
Completed in 4ms (View: 3, DB: 0) | 200 OK [http://localhost/]


Processing UserSessionsController#new (for 127.0.0.1 at 2009-11-16 14:22:35) [GET]
  Parameters: {"action"=>"new", "controller"=>"user_sessions"}
Rendering template within layouts/application
Rendering user_sessions/new
Completed in 8ms (View: 6, DB: 0) | 200 OK [http://localhost/login]


Processing UserSessionsController#create (for 127.0.0.1 at 2009-11-16 14:22:36) [POST]
  Parameters: {"commit"=>"Login", "user_session"=>{"remember_me"=>"0", "password"=>"[FILTERED]", "login"=>"bobsmith"}, "action"=>"create", "controller"=>"user_sessions"}
  [4;36;1mUser Load (0.7ms)[0m   [0;1mSELECT * FROM "users" WHERE (LOWER("users".login) = 'bobsmith') LIMIT 1[0m
  [4;35;1mUser Update (0.7ms)[0m   [0mUPDATE "users" SET "login_count" = 1, "current_login_ip" = '127.0.0.1', "updated_at" = '2009-11-16 22:22:36', "perishable_token" = '_rgVrdWyTSf7uIwtguJa', "last_request_at" = '2009-11-16 22:22:36', "current_login_at" = '2009-11-16 22:22:36' WHERE "id" = 4[0m
Redirected to http://localhost:3001/
Completed in 16ms (DB: 1) | 302 Found [http://localhost/user_session]


Processing StaticController#about (for 127.0.0.1 at 2009-11-16 14:22:36) [GET]
  Parameters: {"action"=>"about", "controller"=>"static"}
Rendering template within layouts/application
Rendering static/about
Completed in 2ms (View: 1, DB: 0) | 200 OK [http://localhost/]


Processing StaticController#messages (for 127.0.0.1 at 2009-11-16 14:22:36) [GET]
  Parameters: {"action"=>"messages", "controller"=>"static"}
Rendering template within layouts/application
Rendering static/messages
Completed in 5ms (View: 4, DB: 0) | 200 OK [http://localhost/static/messages]


Processing SentController#new (for 127.0.0.1 at 2009-11-16 14:22:36) [GET]
  Parameters: {"action"=>"new", "controller"=>"sent"}
  [4;36;1mUser Load (0.6ms)[0m   [0;1mSELECT * FROM "users" WHERE ("users"."id" = '4') LIMIT 1[0m
  [4;35;1mUser Update (0.9ms)[0m   [0mUPDATE "users" SET "updated_at" = '2009-11-16 22:22:36', "perishable_token" = 'T7ydJQe8asYugFBls0C9', "last_request_at" = '2009-11-16 22:22:36' WHERE "id" = 4[0m
Rendering template within layouts/application
Rendering sent/new
  [4;36;1mUser Load (0.6ms)[0m   [0;1mSELECT * FROM "users" [0m
Completed in 24ms (View: 6, DB: 2) | 200 OK [http://localhost/sent/new]


Processing SentController#create (for 127.0.0.1 at 2009-11-16 14:22:36) [POST]
  Parameters: {"commit"=>"Send", "action"=>"create", "controller"=>"sent", "message"=>{"body"=>"Hello Bob, what are you doing now?", "subject"=>"Hello Bob", "to"=>["4"]}}
  [4;35;1mUser Load (1.3ms)[0m   [0mSELECT * FROM "users" WHERE ("users"."id" = '4') LIMIT 1[0m
  [4;36;1mUser Update (0.7ms)[0m   [0;1mUPDATE "users" SET "updated_at" = '2009-11-16 22:22:36', "perishable_token" = 'Zgxc7Z_VFRoN9_BRAWkn', "last_request_at" = '2009-11-16 22:22:36' WHERE "id" = 4[0m
  [4;35;1mUser Load (2.8ms)[0m   [0mSELECT * FROM "users" WHERE ("users"."id" = 4) [0m
  [4;36;1mFolder Load (0.3ms)[0m   [0;1mSELECT * FROM "folders" WHERE ("folders"."name" = 'Inbox') AND ("folders".user_id = 4) LIMIT 1[0m
  [4;35;1mMessage Create (0.4ms)[0m   [0mINSERT INTO "messages" ("created_at", "body", "updated_at", "subject", "author_id") VALUES('2009-11-16 22:22:36', 'Hello Bob, what are you doing now?', '2009-11-16 22:22:36', 'Hello Bob', 4)[0m
  [4;36;1mMessageCopy Load (0.1ms)[0m   [0;1mSELECT * FROM "message_copies" WHERE ("message_copies".message_id = NULL) [0m
  [4;35;1mMessage Load (0.3ms)[0m   [0mSELECT * FROM "messages" WHERE ("messages"."id" = 1) [0m
  [4;36;1mMessageCopy Create (0.2ms)[0m   [0;1mINSERT INTO "message_copies" ("created_at", "folder_id", "updated_at", "recipient_id", "deleted", "message_id") VALUES(NULL, 4, '2009-11-16 22:22:36', 4, NULL, 1)[0m
Redirected to http://localhost:3001/sent
Completed in 35ms (DB: 6) | 302 Found [http://localhost/sent]


Processing SentController#index (for 127.0.0.1 at 2009-11-16 14:22:37) [GET]
  Parameters: {"action"=>"index", "controller"=>"sent"}
  [4;35;1mUser Load (0.9ms)[0m   [0mSELECT * FROM "users" WHERE ("users"."id" = '4') LIMIT 1[0m
  [4;36;1mUser Update (0.7ms)[0m   [0;1mUPDATE "users" SET "updated_at" = '2009-11-16 22:22:37', "perishable_token" = 'Xc0Af20R1pfKWreEvCg2', "last_request_at" = '2009-11-16 22:22:37' WHERE "id" = 4[0m
  [4;35;1mMessage Load (0.7ms)[0m   [0mSELECT * FROM "messages" WHERE ("messages".author_id = 4) ORDER BY created_at DESC LIMIT 10 OFFSET 0[0m
Rendering template within layouts/application
Rendering sent/index
  [4;36;1mUser Load (0.9ms)[0m   [0;1mSELECT "users".* FROM "users" INNER JOIN "message_copies" ON "users".id = "message_copies".recipient_id WHERE (("message_copies".message_id = 1)) [0m
Completed in 24ms (View: 5, DB: 3) | 200 OK [http://localhost/sent]
  [4;35;1mSQL (0.6ms)[0m   [0m SELECT name
 FROM sqlite_master
 WHERE type = 'table' AND NOT name = 'sqlite_sequence'
[0m
  [4;36;1mSQL (3.7ms)[0m   [0;1mDELETE FROM "folders";[0m
  [4;35;1mSQL (25.7ms)[0m   [0mDELETE FROM "message_copies";[0m
  [4;36;1mSQL (14.0ms)[0m   [0;1mDELETE FROM "messages";[0m
  [4;35;1mSQL (4.4ms)[0m   [0mDELETE FROM "users";[0m
  [4;36;1mSQL (0.8ms)[0m   [0;1m SELECT name
 FROM sqlite_master
 WHERE type = 'table' AND NOT name = 'sqlite_sequence'
[0m
  [4;35;1mSQL (26.0ms)[0m   [0mDELETE FROM "folders";[0m
  [4;36;1mSQL (16.3ms)[0m   [0;1mDELETE FROM "message_copies";[0m
  [4;35;1mSQL (3.0ms)[0m   [0mDELETE FROM "messages";[0m
  [4;36;1mSQL (1.7ms)[0m   [0;1mDELETE FROM "users";[0m
